

================================================================
== Vitis HLS Report for 'fir_Pipeline_Shift_Accum_Loop'
================================================================
* Date:           Tue Apr 11 11:31:20 2023

* Version:        2022.2 (Build 3670227 on Oct 13 2022)
* Project:        fir
* Solution:       solution1 (Vivado IP Flow Target)
* Product family: virtexuplus
* Target device:  xcvu11p-flga2577-1-e


================================================================
== Performance Estimates
================================================================
+ Timing: 
    * Summary: 
    +--------+----------+----------+------------+
    |  Clock |  Target  | Estimated| Uncertainty|
    +--------+----------+----------+------------+
    |ap_clk  |  10.00 ns|  6.692 ns|     2.70 ns|
    +--------+----------+----------+------------+

+ Latency: 
    * Summary: 
    +---------+---------+----------+----------+-----+-----+---------+
    |  Latency (cycles) |  Latency (absolute) |  Interval | Pipeline|
    |   min   |   max   |    min   |    max   | min | max |   Type  |
    +---------+---------+----------+----------+-----+-----+---------+
    |       13|       13|  0.130 us|  0.130 us|   13|   13|       no|
    +---------+---------+----------+----------+-----+-----+---------+

    + Detail: 
        * Instance: 
        N/A

        * Loop: 
        +--------------------+---------+---------+----------+-----------+-----------+------+----------+
        |                    |  Latency (cycles) | Iteration|  Initiation Interval  | Trip |          |
        |      Loop Name     |   min   |   max   |  Latency |  achieved |   target  | Count| Pipelined|
        +--------------------+---------+---------+----------+-----------+-----------+------+----------+
        |- Shift_Accum_Loop  |       11|       11|         2|          1|          1|    11|       yes|
        +--------------------+---------+---------+----------+-----------+-----------+------+----------+



================================================================
== Utilization Estimates
================================================================
* Summary: 
+---------------------+---------+------+---------+---------+-----+
|         Name        | BRAM_18K|  DSP |    FF   |   LUT   | URAM|
+---------------------+---------+------+---------+---------+-----+
|DSP                  |        -|     -|        -|        -|    -|
|Expression           |        -|     -|        0|       78|    -|
|FIFO                 |        -|     -|        -|        -|    -|
|Instance             |        -|     2|        0|       20|    -|
|Memory               |        0|     -|       96|       12|    0|
|Multiplexer          |        -|     -|        -|       77|    -|
|Register             |        -|     -|       79|        -|    -|
+---------------------+---------+------+---------+---------+-----+
|Total                |        0|     2|      175|      187|    0|
+---------------------+---------+------+---------+---------+-----+
|Available SLR        |     1344|  3072|   864000|   432000|  320|
+---------------------+---------+------+---------+---------+-----+
|Utilization SLR (%)  |        0|    ~0|       ~0|       ~0|    0|
+---------------------+---------+------+---------+---------+-----+
|Available            |     4032|  9216|  2592000|  1296000|  960|
+---------------------+---------+------+---------+---------+-----+
|Utilization (%)      |        0|    ~0|       ~0|       ~0|    0|
+---------------------+---------+------+---------+---------+-----+

+ Detail: 
    * Instance: 
    +-----------------------+--------------------+---------+----+---+----+-----+
    |        Instance       |       Module       | BRAM_18K| DSP| FF| LUT| URAM|
    +-----------------------+--------------------+---------+----+---+----+-----+
    |mul_11s_32s_32_1_1_U1  |mul_11s_32s_32_1_1  |        0|   2|  0|  20|    0|
    +-----------------------+--------------------+---------+----+---+----+-----+
    |Total                  |                    |        0|   2|  0|  20|    0|
    +-----------------------+--------------------+---------+----+---+----+-----+

    * DSP: 
    N/A

    * Memory: 
    +-----------------+---------------------------------------------------------+---------+----+----+-----+------+-----+------+-------------+
    |      Memory     |                          Module                         | BRAM_18K| FF | LUT| URAM| Words| Bits| Banks| W*Bits*Banks|
    +-----------------+---------------------------------------------------------+---------+----+----+-----+------+-----+------+-------------+
    |fir_int_int_c_U  |fir_Pipeline_Shift_Accum_Loop_fir_int_int_c_ROM_AUTO_1R  |        0|  32|   6|    0|    11|   32|     1|          352|
    |shift_reg_U      |fir_Pipeline_Shift_Accum_Loop_shift_reg_RAM_AUTO_1R1W    |        0|  64|   6|    0|    11|   32|     1|          352|
    +-----------------+---------------------------------------------------------+---------+----+----+-----+------+-----+------+-------------+
    |Total            |                                                         |        0|  96|  12|    0|    22|   64|     2|          704|
    +-----------------+---------------------------------------------------------+---------+----+----+-----+------+-----+------+-------------+

    * FIFO: 
    N/A

    * Expression: 
    +---------------------+----------+----+---+----+------------+------------+
    |    Variable Name    | Operation| DSP| FF| LUT| Bitwidth P0| Bitwidth P1|
    +---------------------+----------+----+---+----+------------+------------+
    |acc_1_fu_193_p2      |         +|   0|  0|  39|          32|          32|
    |add_ln12_fu_172_p2   |         +|   0|  0|  12|           5|           2|
    |add_ln17_fu_161_p2   |         +|   0|  0|  12|           4|           2|
    |ap_condition_221     |       and|   0|  0|   2|           1|           1|
    |ap_condition_98      |       and|   0|  0|   2|           1|           1|
    |icmp_ln13_fu_155_p2  |      icmp|   0|  0|   9|           5|           1|
    |ap_enable_pp0        |       xor|   0|  0|   2|           1|           2|
    +---------------------+----------+----+---+----+------------+------------+
    |Total                |          |   0|  0|  78|          49|          41|
    +---------------------+----------+----+---+----+------------+------------+

    * Multiplexer: 
    +-------------------------------------+----+-----------+-----+-----------+
    |                 Name                | LUT| Input Size| Bits| Total Bits|
    +-------------------------------------+----+-----------+-----+-----------+
    |acc_fu_48                            |   9|          2|   32|         64|
    |ap_done_int                          |   9|          2|    1|          2|
    |ap_enable_reg_pp0_iter1              |   9|          2|    1|          2|
    |ap_phi_mux_mul_pn_phi_fu_119_p4      |   9|          2|   32|         64|
    |ap_phi_reg_pp0_iter1_mul_pn_reg_116  |   9|          2|   32|         64|
    |ap_sig_allocacmp_i_1                 |   9|          2|    5|         10|
    |i_fu_52                              |   9|          2|    5|         10|
    |shift_reg_address1                   |  14|          3|    4|         12|
    +-------------------------------------+----+-----------+-----+-----------+
    |Total                                |  77|         17|  112|        228|
    +-------------------------------------+----+-----------+-----+-----------+

    * Register: 
    +-------------------------------------+----+----+-----+-----------+
    |                 Name                | FF | LUT| Bits| Const Bits|
    +-------------------------------------+----+----+-----+-----------+
    |acc_fu_48                            |  32|   0|   32|          0|
    |ap_CS_fsm                            |   1|   0|    1|          0|
    |ap_done_reg                          |   1|   0|    1|          0|
    |ap_enable_reg_pp0_iter1              |   1|   0|    1|          0|
    |ap_phi_reg_pp0_iter1_mul_pn_reg_116  |  32|   0|   32|          0|
    |i_cast1_reg_232                      |   5|   0|   64|         59|
    |i_fu_52                              |   5|   0|    5|          0|
    |icmp_ln13_reg_237                    |   1|   0|    1|          0|
    |tmp_reg_228                          |   1|   0|    1|          0|
    +-------------------------------------+----+----+-----+-----------+
    |Total                                |  79|   0|  138|         59|
    +-------------------------------------+----+----+-----+-----------+



================================================================
== Interface
================================================================
* Summary: 
+----------------+-----+-----+------------+-------------------------------+--------------+
|    RTL Ports   | Dir | Bits|  Protocol  |         Source Object         |    C Type    |
+----------------+-----+-----+------------+-------------------------------+--------------+
|ap_clk          |   in|    1|  ap_ctrl_hs|  fir_Pipeline_Shift_Accum_Loop|  return value|
|ap_rst          |   in|    1|  ap_ctrl_hs|  fir_Pipeline_Shift_Accum_Loop|  return value|
|ap_start        |   in|    1|  ap_ctrl_hs|  fir_Pipeline_Shift_Accum_Loop|  return value|
|ap_done         |  out|    1|  ap_ctrl_hs|  fir_Pipeline_Shift_Accum_Loop|  return value|
|ap_idle         |  out|    1|  ap_ctrl_hs|  fir_Pipeline_Shift_Accum_Loop|  return value|
|ap_ready        |  out|    1|  ap_ctrl_hs|  fir_Pipeline_Shift_Accum_Loop|  return value|
|mul             |   in|   32|     ap_none|                            mul|        scalar|
|x               |   in|   32|     ap_none|                              x|        scalar|
|acc_out         |  out|   32|      ap_vld|                        acc_out|       pointer|
|acc_out_ap_vld  |  out|    1|      ap_vld|                        acc_out|       pointer|
+----------------+-----+-----+------------+-------------------------------+--------------+

