

================================================================
== Vivado HLS Report for 'bit_reverse76'
================================================================
* Date:           Sat Apr 15 16:54:47 2023

* Version:        2020.1 (Build 2897737 on Wed May 27 20:21:37 MDT 2020)
* Project:        fft
* Solution:       solution1
* Product family: virtex7
* Target device:  xc7vx485t-ffg1157-1


================================================================
== Performance Estimates
================================================================
+ Timing: 
    * Summary: 
    +--------+----------+----------+------------+
    |  Clock |  Target  | Estimated| Uncertainty|
    +--------+----------+----------+------------+
    |ap_clk  | 10.00 ns | 5.328 ns |   1.25 ns  |
    +--------+----------+----------+------------+

+ Latency: 
    * Summary: 
    +---------+---------+----------+----------+-------+-------+---------+
    |  Latency (cycles) |  Latency (absolute) |    Interval   | Pipeline|
    |   min   |   max   |    min   |    max   |  min  |  max  |   Type  |
    +---------+---------+----------+----------+-------+-------+---------+
    |    13313|    14337| 0.133 ms | 0.143 ms |  13313|  14337|   none  |
    +---------+---------+----------+----------+-------+-------+---------+

    + Detail: 
        * Instance: 
        N/A

        * Loop: 
        +-------------+---------+---------+----------+-----------+-----------+------+----------+
        |             |  Latency (cycles) | Iteration|  Initiation Interval  | Trip |          |
        |  Loop Name  |   min   |   max   |  Latency |  achieved |   target  | Count| Pipelined|
        +-------------+---------+---------+----------+-----------+-----------+------+----------+
        |- Loop 1     |    13312|    14336|  13 ~ 14 |          -|          -|  1024|    no    |
        | + Loop 1.1  |       10|       10|         1|          -|          -|    10|    no    |
        +-------------+---------+---------+----------+-----------+-----------+------+----------+



================================================================
== Utilization Estimates
================================================================
* Summary: 
+-----------------+---------+-------+--------+--------+-----+
|       Name      | BRAM_18K| DSP48E|   FF   |   LUT  | URAM|
+-----------------+---------+-------+--------+--------+-----+
|DSP              |        -|      -|       -|       -|    -|
|Expression       |        -|      -|       0|      73|    -|
|FIFO             |        -|      -|       -|       -|    -|
|Instance         |        -|      -|       -|       -|    -|
|Memory           |        -|      -|       -|       -|    -|
|Multiplexer      |        -|      -|       -|     138|    -|
|Register         |        -|      -|     118|       -|    -|
+-----------------+---------+-------+--------+--------+-----+
|Total            |        0|      0|     118|     211|    0|
+-----------------+---------+-------+--------+--------+-----+
|Available        |     2060|   2800|  607200|  303600|    0|
+-----------------+---------+-------+--------+--------+-----+
|Utilization (%)  |        0|      0|   ~0   |   ~0   |    0|
+-----------------+---------+-------+--------+--------+-----+

+ Detail: 
    * Instance: 
    N/A

    * DSP48E: 
    N/A

    * Memory: 
    N/A

    * FIFO: 
    N/A

    * Expression: 
    +---------------------+----------+-------+---+----+------------+------------+
    |    Variable Name    | Operation| DSP48E| FF| LUT| Bitwidth P0| Bitwidth P1|
    +---------------------+----------+-------+---+----+------------+------------+
    |i_13_fu_181_p2       |     +    |      0|  0|  18|           1|          11|
    |i_fu_193_p2          |     +    |      0|  0|  13|           4|           1|
    |icmp_ln17_fu_175_p2  |   icmp   |      0|  0|  13|          11|          12|
    |icmp_ln19_fu_229_p2  |   icmp   |      0|  0|  18|          32|          32|
    |icmp_ln5_fu_187_p2   |   icmp   |      0|  0|   9|           4|           4|
    |ap_block_state1      |    or    |      0|  0|   2|           1|           1|
    +---------------------+----------+-------+---+----+------------+------------+
    |Total                |          |      0|  0|  73|          53|          61|
    +---------------------+----------+-------+---+----+------------+------------+

    * Multiplexer: 
    +----------------------+----+-----------+-----+-----------+
    |         Name         | LUT| Input Size| Bits| Total Bits|
    +----------------------+----+-----------+-----+-----------+
    |O_I_address0          |  15|          3|   10|         30|
    |O_R_address0          |  15|          3|   10|         30|
    |X_I_address0          |  15|          3|   10|         30|
    |X_R_address0          |  15|          3|   10|         30|
    |ap_NS_fsm             |  33|          6|    1|          6|
    |ap_done               |   9|          2|    1|          2|
    |i_0_i_reg_147         |   9|          2|    4|          8|
    |input_assign_reg_124  |   9|          2|   11|         22|
    |p_0_i_reg_158         |   9|          2|   10|         20|
    |reversed_reg_136      |   9|          2|   32|         64|
    +----------------------+----+-----------+-----+-----------+
    |Total                 | 138|         28|   99|        242|
    +----------------------+----+-----------+-----+-----------+

    * Register: 
    +----------------------+----+----+-----+-----------+
    |         Name         | FF | LUT| Bits| Const Bits|
    +----------------------+----+----+-----+-----------+
    |ap_CS_fsm             |   5|   0|    5|          0|
    |ap_done_reg           |   1|   0|    1|          0|
    |i_0_i_reg_147         |   4|   0|    4|          0|
    |i_13_reg_261          |  11|   0|   11|          0|
    |icmp_ln19_reg_284     |   1|   0|    1|          0|
    |input_assign_reg_124  |  11|   0|   11|          0|
    |p_0_i_reg_158         |  10|   0|   10|          0|
    |reversed_reg_136      |  32|   0|   32|          0|
    |zext_ln20_reg_288     |  32|   0|   64|         32|
    |zext_ln3_reg_253      |  11|   0|   32|         21|
    +----------------------+----+----+-----+-----------+
    |Total                 | 118|   0|  171|         53|
    +----------------------+----+----+-----+-----------+



================================================================
== Interface
================================================================
* Summary: 
+--------------+-----+-----+------------+---------------+--------------+
|   RTL Ports  | Dir | Bits|  Protocol  | Source Object |    C Type    |
+--------------+-----+-----+------------+---------------+--------------+
|ap_clk        |  in |    1| ap_ctrl_hs | bit_reverse76 | return value |
|ap_rst        |  in |    1| ap_ctrl_hs | bit_reverse76 | return value |
|ap_start      |  in |    1| ap_ctrl_hs | bit_reverse76 | return value |
|ap_done       | out |    1| ap_ctrl_hs | bit_reverse76 | return value |
|ap_continue   |  in |    1| ap_ctrl_hs | bit_reverse76 | return value |
|ap_idle       | out |    1| ap_ctrl_hs | bit_reverse76 | return value |
|ap_ready      | out |    1| ap_ctrl_hs | bit_reverse76 | return value |
|X_R_address0  | out |   10|  ap_memory |      X_R      |     array    |
|X_R_ce0       | out |    1|  ap_memory |      X_R      |     array    |
|X_R_q0        |  in |   32|  ap_memory |      X_R      |     array    |
|X_I_address0  | out |   10|  ap_memory |      X_I      |     array    |
|X_I_ce0       | out |    1|  ap_memory |      X_I      |     array    |
|X_I_q0        |  in |   32|  ap_memory |      X_I      |     array    |
|O_R_address0  | out |   10|  ap_memory |      O_R      |     array    |
|O_R_ce0       | out |    1|  ap_memory |      O_R      |     array    |
|O_R_we0       | out |    1|  ap_memory |      O_R      |     array    |
|O_R_d0        | out |   32|  ap_memory |      O_R      |     array    |
|O_I_address0  | out |   10|  ap_memory |      O_I      |     array    |
|O_I_ce0       | out |    1|  ap_memory |      O_I      |     array    |
|O_I_we0       | out |    1|  ap_memory |      O_I      |     array    |
|O_I_d0        | out |   32|  ap_memory |      O_I      |     array    |
+--------------+-----+-----+------------+---------------+--------------+

