

================================================================
== Vivado HLS Report for 'scaled_fixed2ieee'
================================================================
* Date:           Sat Apr 15 16:54:47 2023

* Version:        2020.1 (Build 2897737 on Wed May 27 20:21:37 MDT 2020)
* Project:        fft
* Solution:       solution1
* Product family: virtex7
* Target device:  xc7vx485t-ffg1157-1


================================================================
== Performance Estimates
================================================================
+ Timing: 
    * Summary: 
    +--------+----------+----------+------------+
    |  Clock |  Target  | Estimated| Uncertainty|
    +--------+----------+----------+------------+
    |ap_clk  | 10.00 ns | 8.723 ns |   1.25 ns  |
    +--------+----------+----------+------------+

+ Latency: 
    * Summary: 
    +---------+---------+----------+----------+-----+-----+---------+
    |  Latency (cycles) |  Latency (absolute) |  Interval | Pipeline|
    |   min   |   max   |    min   |    max   | min | max |   Type  |
    +---------+---------+----------+----------+-----+-----+---------+
    |       20|       28| 0.200 us | 0.280 us |   20|   28|   none  |
    +---------+---------+----------+----------+-----+-----+---------+

    + Detail: 
        * Instance: 
        N/A

        * Loop: 
        +----------+---------+---------+----------+-----------+-----------+-------+----------+
        |          |  Latency (cycles) | Iteration|  Initiation Interval  |  Trip |          |
        | Loop Name|   min   |   max   |  Latency |  achieved |   target  | Count | Pipelined|
        +----------+---------+---------+----------+-----------+-----------+-------+----------+
        |- Loop 1  |        6|        6|         2|          -|          -|      3|    no    |
        |- Loop 2  |        8|        8|         2|          -|          -|      4|    no    |
        |- Loop 3  |        2|        9|         2|          -|          -| 1 ~ 4 |    no    |
        +----------+---------+---------+----------+-----------+-----------+-------+----------+



================================================================
== Utilization Estimates
================================================================
* Summary: 
+-----------------+---------+-------+--------+--------+-----+
|       Name      | BRAM_18K| DSP48E|   FF   |   LUT  | URAM|
+-----------------+---------+-------+--------+--------+-----+
|DSP              |        -|      -|       -|       -|    -|
|Expression       |        -|      -|      40|    1398|    -|
|FIFO             |        -|      -|       -|       -|    -|
|Instance         |        -|      -|       -|       -|    -|
|Memory           |        0|      -|     128|       4|    0|
|Multiplexer      |        -|      -|       -|     188|    -|
|Register         |        -|      -|     288|       -|    -|
+-----------------+---------+-------+--------+--------+-----+
|Total            |        0|      0|     456|    1590|    0|
+-----------------+---------+-------+--------+--------+-----+
|Available        |     2060|   2800|  607200|  303600|    0|
+-----------------+---------+-------+--------+--------+-----+
|Utilization (%)  |        0|      0|   ~0   |   ~0   |    0|
+-----------------+---------+-------+--------+--------+-----+

+ Detail: 
    * Instance: 
    N/A

    * DSP48E: 
    N/A

    * Memory: 
    +--------------+----------------------+---------+----+----+-----+------+-----+------+-------------+
    |    Memory    |        Module        | BRAM_18K| FF | LUT| URAM| Words| Bits| Banks| W*Bits*Banks|
    +--------------+----------------------+---------+----+----+-----+------+-----+------+-------------+
    |c_U           |scaled_fixed2ieee_c   |        0|  64|   2|    0|     4|   32|     1|          128|
    |out_bits_V_U  |scaled_fixed2ieeebkb  |        0|  64|   2|    0|     4|   32|     1|          128|
    +--------------+----------------------+---------+----+----+-----+------+-----+------+-------------+
    |Total         |                      |        0| 128|   4|    0|     8|   64|     2|          256|
    +--------------+----------------------+---------+----+----+-----+------+-----+------+-------------+

    * FIFO: 
    N/A

    * Expression: 
    +--------------------------+----------+-------+----+-----+------------+------------+
    |       Variable Name      | Operation| DSP48E| FF | LUT | Bitwidth P0| Bitwidth P1|
    +--------------------------+----------+-------+----+-----+------------+------------+
    |i_1_fu_398_p2             |     +    |      0|   0|   12|           3|           1|
    |i_2_fu_434_p2             |     +    |      0|   0|   12|           3|           1|
    |i_fu_242_p2               |     +    |      0|   0|   10|           2|           1|
    |shift_fu_445_p2           |     +    |      0|   0|   39|          32|          32|
    |newexp_fu_517_p2          |     -    |      0|   0|   39|          32|          32|
    |sub_ln1311_fu_459_p2      |     -    |      0|   0|   39|           1|          32|
    |sub_ln424_fu_279_p2       |     -    |      0|   0|   15|           3|           6|
    |sub_ln425_fu_261_p2       |     -    |      0|   0|   15|           6|           6|
    |sub_ln452_fu_508_p2       |     -    |      0|   0|   19|          10|          12|
    |sub_ln566_1_fu_303_p2     |     -    |      0|   0|   15|           3|           6|
    |sub_ln566_2_fu_308_p2     |     -    |      0|   0|   15|           6|           6|
    |sub_ln566_3_fu_335_p2     |     -    |      0|   0|   15|           3|           6|
    |sub_ln566_fu_298_p2       |     -    |      0|   0|   15|           6|           6|
    |p_Result_s_fu_361_p2      |    and   |      0|   0|   63|          63|          63|
    |r_V_fu_477_p2             |   ashr   |      0|   0|  180|          63|          63|
    |c_d0                      |   cttz   |      0|  40|   36|          32|           0|
    |icmp_ln1452_fu_503_p2     |   icmp   |      0|   0|   29|          63|           1|
    |icmp_ln423_fu_236_p2      |   icmp   |      0|   0|    8|           2|           2|
    |icmp_ln434_fu_392_p2      |   icmp   |      0|   0|    9|           3|           4|
    |icmp_ln441_fu_428_p2      |   icmp   |      0|   0|    9|           3|           4|
    |icmp_ln444_fu_497_p2      |   icmp   |      0|   0|   18|          32|           5|
    |icmp_ln566_fu_284_p2      |   icmp   |      0|   0|   11|           6|           6|
    |lshr_ln566_1_fu_355_p2    |   lshr   |      0|   0|  180|           2|          63|
    |lshr_ln566_fu_349_p2      |   lshr   |      0|   0|  180|          63|          63|
    |or_ln453_fu_531_p2        |    or    |      0|   0|    2|           1|           1|
    |out_exp_V_fu_558_p3       |  select  |      0|   0|   11|           1|           1|
    |r_V_30_fu_489_p3          |  select  |      0|   0|   63|           1|          63|
    |select_ln566_1_fu_321_p3  |  select  |      0|   0|   63|           1|          63|
    |select_ln566_2_fu_328_p3  |  select  |      0|   0|    6|           1|           6|
    |select_ln566_fu_313_p3    |  select  |      0|   0|    6|           1|           6|
    |significand_V_fu_550_p3   |  select  |      0|   0|   52|           1|           1|
    |ush_fu_465_p3             |  select  |      0|   0|   32|           1|          32|
    |r_V_28_fu_483_p2          |    shl   |      0|   0|  180|          63|          63|
    +--------------------------+----------+-------+----+-----+------------+------------+
    |Total                     |          |      0|  40| 1398|         513|         657|
    +--------------------------+----------+-------+----+-----+------------+------------+

    * Multiplexer: 
    +---------------------+----+-----------+-----+-----------+
    |         Name        | LUT| Input Size| Bits| Total Bits|
    +---------------------+----+-----------+-----+-----------+
    |ap_NS_fsm            |  44|          9|    1|          9|
    |ap_return            |   9|          2|   63|        126|
    |c_address0           |  15|          3|    2|          6|
    |i1_0_reg_172         |   9|          2|    3|          6|
    |i2_0_reg_205         |   9|          2|    3|          6|
    |i_0_reg_161          |   9|          2|    2|          4|
    |out_bits_V_address0  |  27|          5|    2|         10|
    |out_bits_V_d0        |  15|          3|   32|         96|
    |out_bits_V_we0       |  15|          3|    4|         12|
    |p_0119_0_reg_183     |   9|          2|   63|        126|
    |p_Val2_4_in_reg_216  |   9|          2|   63|        126|
    |shift_0_reg_193      |   9|          2|   32|         64|
    |shift_1_reg_226      |   9|          2|   32|         64|
    +---------------------+----+-----------+-----+-----------+
    |Total                | 188|         39|  302|        655|
    +---------------------+----+-----------+-----+-----------+

    * Register: 
    +---------------------------+----+----+-----+-----------+
    |            Name           | FF | LUT| Bits| Const Bits|
    +---------------------------+----+----+-----+-----------+
    |ap_CS_fsm                  |   8|   0|    8|          0|
    |ap_return_preg             |  63|   0|   64|          1|
    |i1_0_reg_172               |   3|   0|    3|          0|
    |i2_0_reg_205               |   3|   0|    3|          0|
    |i_0_reg_161                |   2|   0|    2|          0|
    |i_1_reg_624                |   3|   0|    3|          0|
    |i_2_reg_643                |   3|   0|    3|          0|
    |i_reg_597                  |   2|   0|    2|          0|
    |icmp_ln1452_reg_668        |   1|   0|    1|          0|
    |icmp_ln441_reg_639         |   1|   0|    1|          0|
    |out_bits_V_addr_1_reg_616  |   2|   0|    2|          0|
    |p_0119_0_reg_183           |  63|   0|   63|          0|
    |p_Val2_4_in_reg_216        |  63|   0|   63|          0|
    |shift_0_reg_193            |  32|   0|   32|          0|
    |shift_1_reg_226            |  32|   0|   32|          0|
    |shl_ln_reg_602             |   2|   0|    6|          4|
    |sub_ln425_reg_607          |   2|   0|    6|          4|
    |zext_ln435_reg_629         |   3|   0|   64|         61|
    +---------------------------+----+----+-----+-----------+
    |Total                      | 288|   0|  358|         70|
    +---------------------------+----+----+-----+-----------+



================================================================
== Interface
================================================================
* Summary: 
+-----------+-----+-----+------------+-------------------+--------------+
| RTL Ports | Dir | Bits|  Protocol  |   Source Object   |    C Type    |
+-----------+-----+-----+------------+-------------------+--------------+
|ap_clk     |  in |    1| ap_ctrl_hs | scaled_fixed2ieee | return value |
|ap_rst     |  in |    1| ap_ctrl_hs | scaled_fixed2ieee | return value |
|ap_start   |  in |    1| ap_ctrl_hs | scaled_fixed2ieee | return value |
|ap_done    | out |    1| ap_ctrl_hs | scaled_fixed2ieee | return value |
|ap_idle    | out |    1| ap_ctrl_hs | scaled_fixed2ieee | return value |
|ap_ready   | out |    1| ap_ctrl_hs | scaled_fixed2ieee | return value |
|ap_return  | out |   64| ap_ctrl_hs | scaled_fixed2ieee | return value |
|in_V       |  in |   63|   ap_none  |        in_V       |    scalar    |
|prescale   |  in |   12|   ap_none  |      prescale     |    scalar    |
+-----------+-----+-----+------------+-------------------+--------------+

