

================================================================
== Vivado HLS Report for 'sin_or_cos_double_s'
================================================================
* Date:           Sat Apr 15 16:54:47 2023

* Version:        2020.1 (Build 2897737 on Wed May 27 20:21:37 MDT 2020)
* Project:        fft
* Solution:       solution1
* Product family: virtex7
* Target device:  xc7vx485t-ffg1157-1


================================================================
== Performance Estimates
================================================================
+ Timing: 
    * Summary: 
    +--------+----------+----------+------------+
    |  Clock |  Target  | Estimated| Uncertainty|
    +--------+----------+----------+------------+
    |ap_clk  | 10.00 ns | 8.723 ns |   1.25 ns  |
    +--------+----------+----------+------------+

+ Latency: 
    * Summary: 
    +---------+---------+----------+----------+-----+-----+---------+
    |  Latency (cycles) |  Latency (absolute) |  Interval | Pipeline|
    |   min   |   max   |    min   |    max   | min | max |   Type  |
    +---------+---------+----------+----------+-----+-----+---------+
    |       32|       40| 0.320 us | 0.400 us |   32|   40|   none  |
    +---------+---------+----------+----------+-----+-----+---------+

    + Detail: 
        * Instance: 
        +------------------------------+-------------------+---------+---------+----------+----------+-----+-----+---------+
        |                              |                   |  Latency (cycles) |  Latency (absolute) |  Interval | Pipeline|
        |           Instance           |       Module      |   min   |   max   |    min   |    max   | min | max |   Type  |
        +------------------------------+-------------------+---------+---------+----------+----------+-----+-----+---------+
        |grp_scaled_fixed2ieee_fu_268  |scaled_fixed2ieee  |       20|       28| 0.200 us | 0.280 us |   20|   28|   none  |
        +------------------------------+-------------------+---------+---------+----------+----------+-----+-----+---------+

        * Loop: 
        N/A



================================================================
== Utilization Estimates
================================================================
* Summary: 
+-----------------+---------+-------+--------+--------+-----+
|       Name      | BRAM_18K| DSP48E|   FF   |   LUT  | URAM|
+-----------------+---------+-------+--------+--------+-----+
|DSP              |        -|      -|       -|       -|    -|
|Expression       |        -|     38|      73|    2858|    -|
|FIFO             |        -|      -|       -|       -|    -|
|Instance         |        0|     46|    1354|    2362|    0|
|Memory           |        8|      -|     213|     852|    -|
|Multiplexer      |        -|      -|       -|      68|    -|
|Register         |        -|      -|    1534|       -|    -|
+-----------------+---------+-------+--------+--------+-----+
|Total            |        8|     84|    3174|    6140|    0|
+-----------------+---------+-------+--------+--------+-----+
|Available        |     2060|   2800|  607200|  303600|    0|
+-----------------+---------+-------+--------+--------+-----+
|Utilization (%)  |    ~0   |      3|   ~0   |       2|    0|
+-----------------+---------+-------+--------+--------+-----+

+ Detail: 
    * Instance: 
    +------------------------------+----------------------+---------+-------+-----+------+-----+
    |           Instance           |        Module        | BRAM_18K| DSP48E|  FF |  LUT | URAM|
    +------------------------------+----------------------+---------+-------+-----+------+-----+
    |fft_mul_170ns_53nibs_U9       |fft_mul_170ns_53nibs  |        0|     21|  361|   179|    0|
    |fft_mul_56ns_52s_jbC_U11      |fft_mul_56ns_52s_jbC  |        0|      9|  176|   219|    0|
    |fft_mul_64s_63ns_kbM_U12      |fft_mul_64s_63ns_kbM  |        0|     16|  361|   179|    0|
    |fft_mux_164_1_1_1_U13         |fft_mux_164_1_1_1     |        0|      0|    0|    65|    0|
    |fft_mux_164_1_1_1_U14         |fft_mux_164_1_1_1     |        0|      0|    0|    65|    0|
    |fft_mux_83_1_1_1_U10          |fft_mux_83_1_1_1      |        0|      0|    0|    65|    0|
    |grp_scaled_fixed2ieee_fu_268  |scaled_fixed2ieee     |        0|      0|  456|  1590|    0|
    +------------------------------+----------------------+---------+-------+-----+------+-----+
    |Total                         |                      |        0|     46| 1354|  2362|    0|
    +------------------------------+----------------------+---------+-------+-----+------+-----+

    * DSP48E: 
    N/A

    * Memory: 
    +-------------------------+----------------------+---------+----+-----+-----+------+-----+------+-------------+
    |          Memory         |        Module        | BRAM_18K| FF | LUT | URAM| Words| Bits| Banks| W*Bits*Banks|
    +-------------------------+----------------------+---------+----+-----+-----+------+-----+------+-------------+
    |ref_4oPi_table_256_V_U   |sin_or_cos_doublecud  |        8|   0|    0|    0|    10|  256|     1|         2560|
    |fourth_order_double_4_U  |sin_or_cos_doubledEe  |        0|  59|  236|    0|   256|   59|     1|        15104|
    |fourth_order_double_5_U  |sin_or_cos_doubleeOg  |        0|  52|  208|    0|   256|   52|     1|        13312|
    |fourth_order_double_6_U  |sin_or_cos_doublefYi  |        0|  44|  176|    0|   256|   44|     1|        11264|
    |fourth_order_double_7_U  |sin_or_cos_doubleg8j  |        0|  33|  132|    0|   256|   33|     1|         8448|
    |fourth_order_double_s_U  |sin_or_cos_doublehbi  |        0|  25|  100|    0|   256|   25|     1|         6400|
    +-------------------------+----------------------+---------+----+-----+-----+------+-----+------+-------------+
    |Total                    |                      |        8| 213|  852|    0|  1290|  469|     6|        57088|
    +-------------------------+----------------------+---------+----+-----+-----+------+-----+------+-------------+

    * FIFO: 
    N/A

    * Expression: 
    +---------------------------+----------+-------+----+-----+------------+------------+
    |       Variable Name       | Operation| DSP48E| FF | LUT | Bitwidth P0| Bitwidth P1|
    +---------------------------+----------+-------+----+-----+------------+------------+
    |r_V_20_fu_648_p2           |     *    |      8|   0|   21|          49|          49|
    |r_V_21_fu_667_p2           |     *    |      8|   0|   21|          49|          49|
    |r_V_22_fu_682_p2           |     *    |      8|   0|   21|          49|          49|
    |r_V_24_fu_716_p2           |     *    |      8|   0|   21|          49|          44|
    |r_V_25_fu_748_p2           |     *    |      4|   0|   26|          42|          33|
    |r_V_26_fu_770_p2           |     *    |      2|   0|   24|          35|          25|
    |add_ln1146_1_fu_833_p2     |     +    |      0|   0|   45|          38|          38|
    |add_ln1146_2_fu_843_p2     |     +    |      0|   0|   56|          49|          49|
    |add_ln1146_fu_827_p2       |     +    |      0|   0|   64|          64|          64|
    |add_ln114_1_fu_306_p2      |     +    |      0|   0|   18|          11|          11|
    |add_ln114_fu_403_p2        |     +    |      0|   0|   18|          11|          11|
    |ret_V_5_fu_853_p2          |     +    |      0|   0|   64|          64|          64|
    |Ex_V_fu_489_p2             |     -    |      0|   0|   18|          11|          11|
    |Mx_bits_V_1_fu_425_p2      |     -    |      0|   0|  131|           1|         124|
    |ret_V_fu_892_p2            |     -    |      0|   0|   19|           1|          12|
    |sub_ln1311_fu_534_p2       |     -    |      0|   0|   19|           1|          12|
    |and_ln300_1_fu_1070_p2     |    and   |      0|   0|    2|           1|           1|
    |and_ln300_fu_1014_p2       |    and   |      0|   0|    2|           1|           1|
    |and_ln307_fu_1018_p2       |    and   |      0|   0|    2|           1|           1|
    |tmp_i_i_fu_473_p3          |   cttz   |      0|  73|   71|          64|           0|
    |closepath_fu_300_p2        |   icmp   |      0|   0|   13|          11|          10|
    |icmp_ln833_1_fu_378_p2     |   icmp   |      0|   0|   29|          52|           1|
    |icmp_ln833_2_fu_508_p2     |   icmp   |      0|   0|   13|          11|           2|
    |icmp_ln833_fu_503_p2       |   icmp   |      0|   0|   13|          11|           1|
    |r_V_fu_555_p2              |   lshr   |      0|   0|  180|          63|          63|
    |or_ln300_fu_1088_p2        |    or    |      0|   0|    2|           1|           1|
    |or_ln311_fu_1034_p2        |    or    |      0|   0|    2|           1|           1|
    |addr_V_fu_312_p3           |  select  |      0|   0|   11|           1|           7|
    |cos_basis_fu_791_p3        |  select  |      0|   0|    2|           1|           1|
    |p_Repl2_3_fu_1054_p3       |  select  |      0|   0|    2|           1|           1|
    |p_Val2_27_fu_415_p3        |  select  |      0|   0|    3|           1|           1|
    |p_Val2_7_fu_430_p3         |  select  |      0|   0|  124|           1|         124|
    |r_V_19_fu_567_p3           |  select  |      0|   0|   63|           1|          63|
    |ret_V_6_fu_1062_p3         |  select  |      0|   0|   11|           1|          11|
    |ret_V_7_fu_1093_p3         |  select  |      0|   0|   52|           1|          52|
    |select_ln271_fu_1007_p3    |  select  |      0|   0|    2|           1|           1|
    |select_ln272_1_fu_797_p3   |  select  |      0|   0|   63|           1|           2|
    |select_ln272_fu_871_p3     |  select  |      0|   0|   11|           1|           1|
    |select_ln300_2_fu_1080_p3  |  select  |      0|   0|    2|           1|           2|
    |select_ln307_fu_1022_p3    |  select  |      0|   0|   10|           1|          10|
    |select_ln311_1_fu_1047_p3  |  select  |      0|   0|   11|           1|           2|
    |select_ln311_fu_1039_p3    |  select  |      0|   0|    2|           1|           1|
    |select_ln482_fu_408_p3     |  select  |      0|   0|   11|           1|          11|
    |ush_fu_540_p3              |  select  |      0|   0|   12|           1|          12|
    |r_V_17_fu_342_p2           |    shl   |      0|   0|  950|         256|         256|
    |r_V_18_fu_516_p2           |    shl   |      0|   0|  411|         124|         124|
    |r_V_3_fu_561_p2            |    shl   |      0|   0|  180|          63|          63|
    |sin_basis_fu_625_p2        |    xor   |      0|   0|    2|           1|           1|
    |xor_ln271_fu_786_p2        |    xor   |      0|   0|    2|           1|           2|
    |xor_ln29_fu_619_p2         |    xor   |      0|   0|    2|           1|           2|
    |xor_ln300_fu_1074_p2       |    xor   |      0|   0|    2|           2|           1|
    |xor_ln311_fu_1029_p2       |    xor   |      0|   0|    2|           1|           2|
    +---------------------------+----------+-------+----+-----+------------+------------+
    |Total                      |          |     38|  73| 2858|        1207|        1480|
    +---------------------------+----------+-------+----+-----+------------+------------+

    * Multiplexer: 
    +-----------+----+-----------+-----+-----------+
    |    Name   | LUT| Input Size| Bits| Total Bits|
    +-----------+----+-----------+-----+-----------+
    |ap_NS_fsm  |  59|         14|    1|         14|
    |ap_return  |   9|          2|   64|        128|
    +-----------+----+-----------+-----+-----------+
    |Total      |  68|         16|   65|        142|
    +-----------+----+-----------+-----+-----------+

    * Register: 
    +-------------------------------------------+-----+----+-----+-----------+
    |                    Name                   |  FF | LUT| Bits| Const Bits|
    +-------------------------------------------+-----+----+-----+-----------+
    |B_V_reg_1241                               |   56|   0|   56|          0|
    |B_fourth_power_V_reg_1314                  |   35|   0|   35|          0|
    |B_squared_V_reg_1278                       |   49|   0|   49|          0|
    |B_third_power_V_reg_1309                   |   42|   0|   42|          0|
    |B_trunc_V_reg_1246                         |   49|   0|   49|          0|
    |Ex_V_reg_1198                              |   11|   0|   11|          0|
    |Mx_V_reg_1230                              |   63|   0|   63|          0|
    |Mx_zeros_V_reg_1193                        |    6|   0|    6|          0|
    |ap_CS_fsm                                  |   13|   0|   13|          0|
    |ap_return_preg                             |   64|   0|   64|          0|
    |closepath_reg_1134                         |    1|   0|    1|          0|
    |cos_basis_reg_1364                         |    1|   0|    1|          0|
    |fourth_order_double_10_reg_1289            |   52|   0|   52|          0|
    |fourth_order_double_12_reg_1294            |   44|   0|   44|          0|
    |fourth_order_double_14_reg_1339            |   33|   0|   33|          0|
    |fourth_order_double_16_reg_1344            |   25|   0|   25|          0|
    |grp_scaled_fixed2ieee_fu_268_ap_start_reg  |    1|   0|    1|          0|
    |icmp_ln833_1_reg_1165                      |    1|   0|    1|          0|
    |icmp_ln833_2_reg_1216                      |    1|   0|    1|          0|
    |icmp_ln833_reg_1210                        |    1|   0|    1|          0|
    |isNeg_reg_1204                             |    1|   0|    1|          0|
    |p_Result_s_reg_1115                        |    1|   0|    1|          0|
    |p_Val2_15_reg_1319                         |   59|   0|   59|          0|
    |p_Val2_26_reg_1171                         |  124|   0|  124|          0|
    |p_Val2_27_reg_1182                         |    3|   0|    3|          0|
    |p_Val2_7_reg_1188                          |  124|   0|  124|          0|
    |r_V_5_reg_1273                             |   49|   0|   98|         49|
    |result_V_reg_1390                          |   63|   0|   63|          0|
    |ret_V_5_reg_1375                           |   64|   0|   64|          0|
    |ret_V_8_reg_1150                           |  170|   0|  170|          0|
    |ret_V_reg_1395                             |   12|   0|   12|          0|
    |select_ln272_1_reg_1370                    |   63|   0|   63|          0|
    |tmp_1_reg_1235                             |    1|   0|    1|          0|
    |tmp_3_reg_1354                             |   37|   0|   37|          0|
    |tmp_4_reg_1359                             |   29|   0|   29|          0|
    |tmp_V_1_reg_1128                           |   52|   0|   52|          0|
    |tmp_V_reg_1121                             |   11|   0|   11|          0|
    |trunc_ln1_reg_1349                         |   56|   0|   56|          0|
    |trunc_ln601_reg_1145                       |    7|   0|    7|          0|
    |trunc_ln662_1_reg_1334                     |   48|   0|   48|          0|
    |trunc_ln_i_reg_1177                        |    3|   0|    3|          0|
    |xor_ln29_reg_1251                          |    1|   0|    1|          0|
    |zext_ln498_reg_1256                        |    8|   0|   64|         56|
    +-------------------------------------------+-----+----+-----+-----------+
    |Total                                      | 1534|   0| 1639|        105|
    +-------------------------------------------+-----+----+-----+-----------+



================================================================
== Interface
================================================================
* Summary: 
+-----------+-----+-----+------------+--------------------+--------------+
| RTL Ports | Dir | Bits|  Protocol  |    Source Object   |    C Type    |
+-----------+-----+-----+------------+--------------------+--------------+
|ap_clk     |  in |    1| ap_ctrl_hs | sin_or_cos<double> | return value |
|ap_rst     |  in |    1| ap_ctrl_hs | sin_or_cos<double> | return value |
|ap_start   |  in |    1| ap_ctrl_hs | sin_or_cos<double> | return value |
|ap_done    | out |    1| ap_ctrl_hs | sin_or_cos<double> | return value |
|ap_idle    | out |    1| ap_ctrl_hs | sin_or_cos<double> | return value |
|ap_ready   | out |    1| ap_ctrl_hs | sin_or_cos<double> | return value |
|ap_return  | out |   64| ap_ctrl_hs | sin_or_cos<double> | return value |
|t_in       |  in |   64|   ap_none  |        t_in        |    scalar    |
|do_cos     |  in |    1|   ap_none  |       do_cos       |    scalar    |
+-----------+-----+-----+------------+--------------------+--------------+

